<?xml version="1.0" encoding="UTF-8"?>
<!-- Generated by org.testng.reporters.JUnitReportReporter -->
<testsuite skipped="0" hostname="Afrinas-MacBook-Air.local" name="testcase1" tests="1" failures="0" timestamp="2022-05-09T16:54:40 BDT" time="107.208" errors="0">
  <testcase name="Verifylinks" time="107.208" classname="testcase1"/>
  <system-out/>
</testsuite> <!-- testcase1 -->
